# JRE version: Java(TM) SE Runtime Environment (17.0.12+8) (build 17.0.12+8-LTS-286)
# Java VM: Java HotSpot(TM) 64-Bit Server VM (17.0.12+8-LTS-286, mixed mode, sharing, tiered, compressed oops, compressed class ptrs, g1 gc, windows-amd64)
GC Precious Log:
 CPUs: 8 total, 8 available
 Memory: 16122M
 Large Page Support: Disabled
 NUMA Support: Disabled
 Compressed Oops: Enabled (Zero based)
 Heap Region Size: 2M
 Heap Min Capacity: 8M
 Heap Initial Capacity: 252M
 Heap Max Capacity: 4032M
 Pre-touch: Disabled
 Parallel Workers: 8
 Concurrent Workers: 2
 Concurrent Refinement Workers: 8
 Periodic GC: Disabled
Heap:
 garbage-first heap   total 186368K, used 92853K [0x0000000704000000, 0x0000000800000000)
  region size 2048K, 6 young (12288K), 6 survivors (12288K)
 Metaspace       used 39395K, committed 39936K, reserved 1114112K
  class space    used 4426K, committed 4672K, reserved 1048576K
GC Heap History (20 events):
Event: 13.923 GC heap after
{Heap after GC invocations=7 (full 0):
 garbage-first heap   total 100352K, used 41743K [0x0000000704000000, 0x0000000800000000)
  region size 2048K, 1 young (2048K), 1 survivors (2048K)
 Metaspace       used 26517K, committed 26816K, reserved 1114112K
  class space    used 3052K, committed 3200K, reserved 1048576K
}
Event: 14.367 GC heap before
{Heap before GC invocations=7 (full 0):
 garbage-first heap   total 100352K, used 70415K [0x0000000704000000, 0x0000000800000000)
  region size 2048K, 15 young (30720K), 1 survivors (2048K)
 Metaspace       used 26912K, committed 27264K, reserved 1114112K
  class space    used 3058K, committed 3200K, reserved 1048576K
}
Event: 14.378 GC heap after
{Heap after GC invocations=8 (full 0):
 garbage-first heap   total 100352K, used 48024K [0x0000000704000000, 0x0000000800000000)
  region size 2048K, 2 young (4096K), 2 survivors (4096K)
 Metaspace       used 26912K, committed 27264K, reserved 1114112K
  class space    used 3058K, committed 3200K, reserved 1048576K
}
Event: 15.151 GC heap before
{Heap before GC invocations=8 (full 0):
 garbage-first heap   total 100352K, used 70552K [0x0000000704000000, 0x0000000800000000)
  region size 2048K, 14 young (28672K), 2 survivors (4096K)
 Metaspace       used 28401K, committed 28800K, reserved 1114112K
  class space    used 3204K, committed 3392K, reserved 1048576K
}
Event: 15.160 GC heap after
{Heap after GC invocations=9 (full 0):
 garbage-first heap   total 100352K, used 49980K [0x0000000704000000, 0x0000000800000000)
  region size 2048K, 1 young (2048K), 1 survivors (2048K)
 Metaspace       used 28401K, committed 28800K, reserved 1114112K
  class space    used 3204K, committed 3392K, reserved 1048576K
}
Event: 15.506 GC heap before
{Heap before GC invocations=9 (full 0):
 garbage-first heap   total 100352K, used 74556K [0x0000000704000000, 0x0000000800000000)
  region size 2048K, 13 young (26624K), 1 survivors (2048K)
 Metaspace       used 29136K, committed 29504K, reserved 1114112K
  class space    used 3275K, committed 3456K, reserved 1048576K
}
Event: 15.516 GC heap after
{Heap after GC invocations=10 (full 0):
 garbage-first heap   total 200704K, used 50064K [0x0000000704000000, 0x0000000800000000)
  region size 2048K, 1 young (2048K), 1 survivors (2048K)
 Metaspace       used 29136K, committed 29504K, reserved 1114112K
  class space    used 3275K, committed 3456K, reserved 1048576K
}
Event: 16.539 GC heap before
{Heap before GC invocations=11 (full 0):
 garbage-first heap   total 184320K, used 142224K [0x0000000704000000, 0x0000000800000000)
  region size 2048K, 46 young (94208K), 1 survivors (2048K)
 Metaspace       used 31109K, committed 31488K, reserved 1114112K
  class space    used 3501K, committed 3648K, reserved 1048576K
}
Event: 16.549 GC heap after
{Heap after GC invocations=12 (full 0):
 garbage-first heap   total 184320K, used 54485K [0x0000000704000000, 0x0000000800000000)
  region size 2048K, 4 young (8192K), 4 survivors (8192K)
 Metaspace       used 31109K, committed 31488K, reserved 1114112K
  class space    used 3501K, committed 3648K, reserved 1048576K
}
Event: 19.321 GC heap before
{Heap before GC invocations=12 (full 0):
 garbage-first heap   total 184320K, used 134357K [0x0000000704000000, 0x0000000800000000)
  region size 2048K, 43 young (88064K), 4 survivors (8192K)
 Metaspace       used 36152K, committed 36608K, reserved 1114112K
  class space    used 4118K, committed 4352K, reserved 1048576K
}
Event: 19.336 GC heap after
{Heap after GC invocations=13 (full 0):
 garbage-first heap   total 184320K, used 59465K [0x0000000704000000, 0x0000000800000000)
  region size 2048K, 6 young (12288K), 6 survivors (12288K)
 Metaspace       used 36152K, committed 36608K, reserved 1114112K
  class space    used 4118K, committed 4352K, reserved 1048576K
}
Event: 21.189 GC heap before
{Heap before GC invocations=13 (full 0):
 garbage-first heap   total 184320K, used 139337K [0x0000000704000000, 0x0000000800000000)
  region size 2048K, 45 young (92160K), 6 survivors (12288K)
 Metaspace       used 36277K, committed 36736K, reserved 1114112K
  class space    used 4118K, committed 4352K, reserved 1048576K
}
Event: 21.211 GC heap after
{Heap after GC invocations=14 (full 0):
 garbage-first heap   total 184320K, used 60057K [0x0000000704000000, 0x0000000800000000)
  region size 2048K, 3 young (6144K), 3 survivors (6144K)
 Metaspace       used 36277K, committed 36736K, reserved 1114112K
  class space    used 4118K, committed 4352K, reserved 1048576K
}
Event: 25.144 GC heap before
{Heap before GC invocations=14 (full 0):
 garbage-first heap   total 184320K, used 144025K [0x0000000704000000, 0x0000000800000000)
  region size 2048K, 44 young (90112K), 3 survivors (6144K)
 Metaspace       used 38307K, committed 38848K, reserved 1114112K
  class space    used 4334K, committed 4608K, reserved 1048576K
}
Event: 25.153 GC heap after
{Heap after GC invocations=15 (full 0):
 garbage-first heap   total 184320K, used 60549K [0x0000000704000000, 0x0000000800000000)
  region size 2048K, 4 young (8192K), 4 survivors (8192K)
 Metaspace       used 38307K, committed 38848K, reserved 1114112K
  class space    used 4334K, committed 4608K, reserved 1048576K
}
Event: 26.008 GC heap before
{Heap before GC invocations=15 (full 0):
 garbage-first heap   total 184320K, used 119941K [0x0000000704000000, 0x0000000800000000)
  region size 2048K, 24 young (49152K), 4 survivors (8192K)
 Metaspace       used 38751K, committed 39296K, reserved 1114112K
  class space    used 4356K, committed 4608K, reserved 1048576K
}
Event: 26.020 GC heap after
{Heap after GC invocations=16 (full 0):
 garbage-first heap   total 184320K, used 82783K [0x0000000704000000, 0x0000000800000000)
  region size 2048K, 4 young (8192K), 4 survivors (8192K)
 Metaspace       used 38751K, committed 39296K, reserved 1114112K
  class space    used 4356K, committed 4608K, reserved 1048576K
}
Event: 26.354 GC heap before
{Heap before GC invocations=16 (full 0):
 garbage-first heap   total 184320K, used 105311K [0x0000000704000000, 0x0000000800000000)
  region size 2048K, 10 young (20480K), 4 survivors (8192K)
 Metaspace       used 38802K, committed 39296K, reserved 1114112K
  class space    used 4358K, committed 4608K, reserved 1048576K
}
Event: 26.363 GC heap after
{Heap after GC invocations=17 (full 0):
 garbage-first heap   total 184320K, used 62786K [0x0000000704000000, 0x0000000800000000)
  region size 2048K, 3 young (6144K), 3 survivors (6144K)
 Metaspace       used 38802K, committed 39296K, reserved 1114112K
  class space    used 4358K, committed 4608K, reserved 1048576K
}
Event: 27.484 GC heap before
{Heap before GC invocations=17 (full 0):
 garbage-first heap   total 184320K, used 154946K [0x0000000704000000, 0x0000000800000000)
  region size 2048K, 45 young (92160K), 3 survivors (6144K)
 Metaspace       used 39395K, committed 39936K, reserved 1114112K
  class space    used 4426K, committed 4672K, reserved 1048576K
}

